2026-04-09 18:03:18,073 - __main__ - INFO - Запуск бота...
2026-04-09 18:03:18,107 - __main__ - INFO - База данных инициализирована
2026-04-09 18:03:18,115 - __main__ - INFO - Темы из topics_config.py синхронизированы с БД
2026-04-09 18:03:18,295 - __main__ - INFO - Роутеры зарегистрированы
2026-04-09 18:03:18,307 - apscheduler.scheduler - INFO - Scheduler started
2026-04-09 18:03:18,308 - utils.scheduler - INFO - Планировщик запущен
2026-04-09 18:03:18,308 - utils.scheduler - INFO - Восстановление запланированных напоминаний...
2026-04-09 18:03:18,311 - utils.scheduler - INFO - Восстановлено 0 мероприятий с напоминаниями
2026-04-09 18:03:18,312 - __main__ - INFO - Напоминания восстановлены
2026-04-09 18:03:18,312 - __main__ - INFO - Запуск поллинга...
2026-04-09 18:03:18,312 - aiogram.dispatcher - INFO - Start polling
2026-04-09 18:03:26,464 - aiogram.dispatcher - INFO - Run polling for bot @adventur_time_bot id=8663379193 - 'bot_adventure_time'
2026-04-09 18:03:37,951 - aiogram.event - INFO - Update id=326878769 is handled. Duration 569 ms by bot id=8663379193
2026-04-09 18:03:47,891 - aiogram.event - INFO - Update id=326878770 is handled. Duration 170 ms by bot id=8663379193
2026-04-09 18:03:54,247 - aiogram.event - INFO - Update id=326878771 is handled. Duration 1500 ms by bot id=8663379193
2026-04-09 18:04:14,287 - aiogram.event - INFO - Update id=326878772 is handled. Duration 203 ms by bot id=8663379193
2026-04-09 18:04:21,380 - aiogram.event - INFO - Update id=326878773 is handled. Duration 826 ms by bot id=8663379193
2026-04-09 18:04:25,380 - aiogram.event - INFO - Update id=326878774 is handled. Duration 181 ms by bot id=8663379193
2026-04-09 18:04:30,965 - aiogram.event - INFO - Update id=326878775 is handled. Duration 173 ms by bot id=8663379193
2026-04-09 18:04:35,649 - aiogram.event - INFO - Update id=326878776 is handled. Duration 273 ms by bot id=8663379193
2026-04-09 18:04:45,689 - utils.topics - INFO - ✅ Загружено 5 тем из БД
2026-04-09 18:04:45,853 - aiogram.event - INFO - Update id=326878777 is handled. Duration 1115 ms by bot id=8663379193
2026-04-09 18:04:49,636 - aiogram.event - INFO - Update id=326878778 is handled. Duration 300 ms by bot id=8663379193
2026-04-09 18:05:02,589 - aiogram.event - INFO - Update id=326878779 is handled. Duration 313 ms by bot id=8663379193
2026-04-09 18:05:04,567 - aiogram.event - INFO - Update id=326878780 is handled. Duration 348 ms by bot id=8663379193
2026-04-09 18:05:08,176 - apscheduler.scheduler - INFO - Added job "send_reminder" to job store "default"
2026-04-09 18:05:08,176 - utils.scheduler - INFO - Запланировано напоминание reminder_1_86400 на 2026-04-09 21:00:00+03:00
2026-04-09 18:05:08,177 - apscheduler.scheduler - INFO - Added job "send_reminder" to job store "default"
2026-04-09 18:05:08,177 - utils.scheduler - INFO - Запланировано напоминание reminder_1_10800 на 2026-04-10 18:00:00+03:00
2026-04-09 18:05:08,177 - apscheduler.scheduler - INFO - Added job "send_reminder" to job store "default"
2026-04-09 18:05:08,178 - utils.scheduler - INFO - Запланировано напоминание reminder_1_7200 на 2026-04-10 19:00:00+03:00
2026-04-09 18:05:08,178 - apscheduler.scheduler - INFO - Added job "send_reminder" to job store "default"
2026-04-09 18:05:08,178 - utils.scheduler - INFO - Запланировано напоминание reminder_1_3600 на 2026-04-10 20:00:00+03:00
2026-04-09 18:05:08,179 - apscheduler.scheduler - INFO - Added job "send_reminder" to job store "default"
2026-04-09 18:05:08,179 - utils.scheduler - INFO - Запланировано напоминание reminder_1_1800 на 2026-04-10 20:30:00+03:00
2026-04-09 18:05:08,414 - aiogram.event - INFO - Update id=326878781 is handled. Duration 2009 ms by bot id=8663379193
2026-04-09 18:05:17,030 - aiogram.event - INFO - Update id=326878782 is handled. Duration 518 ms by bot id=8663379193
2026-04-09 18:05:18,704 - aiogram.event - INFO - Update id=326878783 is handled. Duration 308 ms by bot id=8663379193
2026-04-09 18:05:26,224 - aiogram.event - INFO - Update id=326878784 is handled. Duration 1597 ms by bot id=8663379193
2026-04-09 18:06:05,568 - aiogram.event - INFO - Update id=326878785 is handled. Duration 3569 ms by bot id=8663379193
2026-04-09 18:06:10,418 - aiogram.event - INFO - Update id=326878786 is handled. Duration 1171 ms by bot id=8663379193
2026-04-09 18:06:16,136 - aiogram.event - INFO - Update id=326878787 is handled. Duration 2274 ms by bot id=8663379193
2026-04-09 18:06:26,366 - aiogram.event - INFO - Update id=326878788 is handled. Duration 160 ms by bot id=8663379193
2026-04-09 18:06:38,671 - aiogram.event - INFO - Update id=326878789 is handled. Duration 132 ms by bot id=8663379193
2026-04-09 18:06:40,661 - aiogram.event - INFO - Update id=326878790 is handled. Duration 259 ms by bot id=8663379193
2026-04-09 18:06:43,681 - aiogram.event - INFO - Update id=326878791 is handled. Duration 240 ms by bot id=8663379193
2026-04-09 18:06:48,396 - aiogram.event - INFO - Update id=326878792 is handled. Duration 186 ms by bot id=8663379193
2026-04-09 18:06:50,074 - aiogram.event - INFO - Update id=326878793 is handled. Duration 432 ms by bot id=8663379193
2026-04-09 18:07:27,473 - aiogram.event - INFO - Update id=326878794 is handled. Duration 18912 ms by bot id=8663379193
2026-04-09 18:07:39,594 - aiogram.event - INFO - Update id=326878796 is not handled. Duration 1457 ms by bot id=8663379193
2026-04-09 18:07:39,594 - aiogram.event - ERROR - Cause exception while process update id=326878796 by bot id=8663379193
TelegramBadRequest: Telegram server says - Bad Request: message is not modified: specified new message content and reply markup are exactly the same as a current content and reply markup of the message
Traceback (most recent call last):
  File "C:\Users\Artem.Volynec\Desktop\bot_for_group\bot_adventure_time\venv\Lib\site-packages\aiogram\dispatcher\dispatcher.py", line 320, in _process_update
    response = await self.feed_update(bot, update, **kwargs)
               ^^^^^^^^^^^^^^^^^^^^^^^^^^^^^^^^^^^^^^^^^^^^^
  File "C:\Users\Artem.Volynec\Desktop\bot_for_group\bot_adventure_time\venv\Lib\site-packages\aiogram\dispatcher\dispatcher.py", line 164, in feed_update
    response = await self.update.wrap_outer_middleware(
               ^^^^^^^^^^^^^^^^^^^^^^^^^^^^^^^^^^^^^^^^
    ...<7 lines>...
    )
    ^
  File "C:\Users\Artem.Volynec\Desktop\bot_for_group\bot_adventure_time\venv\Lib\site-packages\aiogram\dispatcher\middlewares\error.py", line 27, in __call__
    return await handler(event, data)
           ^^^^^^^^^^^^^^^^^^^^^^^^^^
  File "C:\Users\Artem.Volynec\Desktop\bot_for_group\bot_adventure_time\venv\Lib\site-packages\aiogram\dispatcher\middlewares\user_context.py", line 58, in __call__
    return await handler(event, data)
           ^^^^^^^^^^^^^^^^^^^^^^^^^^
  File "C:\Users\Artem.Volynec\Desktop\bot_for_group\bot_adventure_time\venv\Lib\site-packages\aiogram\fsm\middleware.py", line 43, in __call__
    return await handler(event, data)
           ^^^^^^^^^^^^^^^^^^^^^^^^^^
  File "C:\Users\Artem.Volynec\Desktop\bot_for_group\bot_adventure_time\venv\Lib\site-packages\aiogram\dispatcher\event\telegram.py", line 126, in trigger
    return await wrapped_inner(event, kwargs)
           ^^^^^^^^^^^^^^^^^^^^^^^^^^^^^^^^^^
  File "C:\Users\Artem.Volynec\Desktop\bot_for_group\bot_adventure_time\bot\middleware\topic_discoverer.py", line 41, in __call__
    return await handler(event, data)
           ^^^^^^^^^^^^^^^^^^^^^^^^^^
  File "C:\Users\Artem.Volynec\Desktop\bot_for_group\bot_adventure_time\venv\Lib\site-packages\aiogram\dispatcher\event\handler.py", line 71, in call
    return await wrapped()
           ^^^^^^^^^^^^^^^
  File "C:\Users\Artem.Volynec\Desktop\bot_for_group\bot_adventure_time\venv\Lib\site-packages\aiogram\dispatcher\dispatcher.py", line 283, in _listen_update
    return await self.propagate_event(update_type=update_type, event=event, **kwargs)
           ^^^^^^^^^^^^^^^^^^^^^^^^^^^^^^^^^^^^^^^^^^^^^^^^^^^^^^^^^^^^^^^^^^^^^^^^^^
  File "C:\Users\Artem.Volynec\Desktop\bot_for_group\bot_adventure_time\venv\Lib\site-packages\aiogram\dispatcher\router.py", line 163, in propagate_event
    return await observer.wrap_outer_middleware(_wrapped, event=event, data=kwargs)
           ^^^^^^^^^^^^^^^^^^^^^^^^^^^^^^^^^^^^^^^^^^^^^^^^^^^^^^^^^^^^^^^^^^^^^^^^
  File "C:\Users\Artem.Volynec\Desktop\bot_for_group\bot_adventure_time\venv\Lib\site-packages\aiogram\dispatcher\router.py", line 155, in _wrapped
    return await self._propagate_event(
           ^^^^^^^^^^^^^^^^^^^^^^^^^^^^
    ...<4 lines>...
    )
    ^
  File "C:\Users\Artem.Volynec\Desktop\bot_for_group\bot_adventure_time\venv\Lib\site-packages\aiogram\dispatcher\router.py", line 191, in _propagate_event
    response = await router.propagate_event(update_type=update_type, event=event, **kwargs)
               ^^^^^^^^^^^^^^^^^^^^^^^^^^^^^^^^^^^^^^^^^^^^^^^^^^^^^^^^^^^^^^^^^^^^^^^^^^^^
  File "C:\Users\Artem.Volynec\Desktop\bot_for_group\bot_adventure_time\venv\Lib\site-packages\aiogram\dispatcher\router.py", line 163, in propagate_event
    return await observer.wrap_outer_middleware(_wrapped, event=event, data=kwargs)
           ^^^^^^^^^^^^^^^^^^^^^^^^^^^^^^^^^^^^^^^^^^^^^^^^^^^^^^^^^^^^^^^^^^^^^^^^
  File "C:\Users\Artem.Volynec\Desktop\bot_for_group\bot_adventure_time\venv\Lib\site-packages\aiogram\dispatcher\router.py", line 155, in _wrapped
    return await self._propagate_event(
           ^^^^^^^^^^^^^^^^^^^^^^^^^^^^
    ...<4 lines>...
    )
    ^
  File "C:\Users\Artem.Volynec\Desktop\bot_for_group\bot_adventure_time\venv\Lib\site-packages\aiogram\dispatcher\router.py", line 183, in _propagate_event
    response = await observer.trigger(event, **kwargs)
               ^^^^^^^^^^^^^^^^^^^^^^^^^^^^^^^^^^^^^^^
  File "C:\Users\Artem.Volynec\Desktop\bot_for_group\bot_adventure_time\venv\Lib\site-packages\aiogram\dispatcher\event\telegram.py", line 126, in trigger
    return await wrapped_inner(event, kwargs)
           ^^^^^^^^^^^^^^^^^^^^^^^^^^^^^^^^^^
  File "C:\Users\Artem.Volynec\Desktop\bot_for_group\bot_adventure_time\venv\Lib\site-packages\aiogram\dispatcher\event\handler.py", line 71, in call
    return await wrapped()
           ^^^^^^^^^^^^^^^
  File "C:\Users\Artem.Volynec\Desktop\bot_for_group\bot_adventure_time\bot\handlers\subscriptions.py", line 54, in toggle_subscription
    await callback.message.edit_reply_markup(reply_markup=_subscriptions_keyboard(sorted(set(selected))))
  File "C:\Users\Artem.Volynec\Desktop\bot_for_group\bot_adventure_time\venv\Lib\site-packages\aiogram\methods\base.py", line 82, in emit
    return await bot(self)
           ^^^^^^^^^^^^^^^
  File "C:\Users\Artem.Volynec\Desktop\bot_for_group\bot_adventure_time\venv\Lib\site-packages\aiogram\client\bot.py", line 493, in __call__
    return await self.session(self, method, timeout=request_timeout)
           ^^^^^^^^^^^^^^^^^^^^^^^^^^^^^^^^^^^^^^^^^^^^^^^^^^^^^^^^^
  File "C:\Users\Artem.Volynec\Desktop\bot_for_group\bot_adventure_time\venv\Lib\site-packages\aiogram\client\session\base.py", line 259, in __call__
    return cast(TelegramType, await middleware(bot, method))
                              ^^^^^^^^^^^^^^^^^^^^^^^^^^^^^
  File "C:\Users\Artem.Volynec\Desktop\bot_for_group\bot_adventure_time\venv\Lib\site-packages\aiogram\client\session\aiohttp.py", line 177, in make_request
    response = self.check_response(
        bot=bot,
    ...<2 lines>...
        content=raw_result,
    )
  File "C:\Users\Artem.Volynec\Desktop\bot_for_group\bot_adventure_time\venv\Lib\site-packages\aiogram\client\session\base.py", line 121, in check_response
    raise TelegramBadRequest(method=method, message=description)
aiogram.exceptions.TelegramBadRequest: Telegram server says - Bad Request: message is not modified: specified new message content and reply markup are exactly the same as a current content and reply markup of the message
2026-04-09 18:07:41,197 - aiogram.event - INFO - Update id=326878797 is handled. Duration 747 ms by bot id=8663379193
2026-04-09 18:07:55,379 - aiogram.event - INFO - Update id=326878799 is handled. Duration 2634 ms by bot id=8663379193
2026-04-09 18:08:00,896 - aiogram.event - INFO - Update id=326878798 is handled. Duration 10515 ms by bot id=8663379193
2026-04-09 18:08:01,575 - aiogram.event - INFO - Update id=326878800 is handled. Duration 312 ms by bot id=8663379193
2026-04-09 18:08:03,132 - aiogram.event - INFO - Update id=326878795 is not handled. Duration 43444 ms by bot id=8663379193
2026-04-09 18:08:03,133 - aiogram.event - ERROR - Cause exception while process update id=326878795 by bot id=8663379193
TelegramBadRequest: Telegram server says - Bad Request: query is too old and response timeout expired or query ID is invalid
Traceback (most recent call last):
  File "C:\Users\Artem.Volynec\Desktop\bot_for_group\bot_adventure_time\venv\Lib\site-packages\aiogram\dispatcher\dispatcher.py", line 320, in _process_update
    response = await self.feed_update(bot, update, **kwargs)
               ^^^^^^^^^^^^^^^^^^^^^^^^^^^^^^^^^^^^^^^^^^^^^
  File "C:\Users\Artem.Volynec\Desktop\bot_for_group\bot_adventure_time\venv\Lib\site-packages\aiogram\dispatcher\dispatcher.py", line 164, in feed_update
    response = await self.update.wrap_outer_middleware(
               ^^^^^^^^^^^^^^^^^^^^^^^^^^^^^^^^^^^^^^^^
    ...<7 lines>...
    )
    ^
  File "C:\Users\Artem.Volynec\Desktop\bot_for_group\bot_adventure_time\venv\Lib\site-packages\aiogram\dispatcher\middlewares\error.py", line 27, in __call__
    return await handler(event, data)
           ^^^^^^^^^^^^^^^^^^^^^^^^^^
  File "C:\Users\Artem.Volynec\Desktop\bot_for_group\bot_adventure_time\venv\Lib\site-packages\aiogram\dispatcher\middlewares\user_context.py", line 58, in __call__
    return await handler(event, data)
           ^^^^^^^^^^^^^^^^^^^^^^^^^^
  File "C:\Users\Artem.Volynec\Desktop\bot_for_group\bot_adventure_time\venv\Lib\site-packages\aiogram\fsm\middleware.py", line 43, in __call__
    return await handler(event, data)
           ^^^^^^^^^^^^^^^^^^^^^^^^^^
  File "C:\Users\Artem.Volynec\Desktop\bot_for_group\bot_adventure_time\venv\Lib\site-packages\aiogram\dispatcher\event\telegram.py", line 126, in trigger
    return await wrapped_inner(event, kwargs)
           ^^^^^^^^^^^^^^^^^^^^^^^^^^^^^^^^^^
  File "C:\Users\Artem.Volynec\Desktop\bot_for_group\bot_adventure_time\bot\middleware\topic_discoverer.py", line 41, in __call__
    return await handler(event, data)
           ^^^^^^^^^^^^^^^^^^^^^^^^^^
  File "C:\Users\Artem.Volynec\Desktop\bot_for_group\bot_adventure_time\venv\Lib\site-packages\aiogram\dispatcher\event\handler.py", line 71, in call
    return await wrapped()
           ^^^^^^^^^^^^^^^
  File "C:\Users\Artem.Volynec\Desktop\bot_for_group\bot_adventure_time\venv\Lib\site-packages\aiogram\dispatcher\dispatcher.py", line 283, in _listen_update
    return await self.propagate_event(update_type=update_type, event=event, **kwargs)
           ^^^^^^^^^^^^^^^^^^^^^^^^^^^^^^^^^^^^^^^^^^^^^^^^^^^^^^^^^^^^^^^^^^^^^^^^^^
  File "C:\Users\Artem.Volynec\Desktop\bot_for_group\bot_adventure_time\venv\Lib\site-packages\aiogram\dispatcher\router.py", line 163, in propagate_event
    return await observer.wrap_outer_middleware(_wrapped, event=event, data=kwargs)
           ^^^^^^^^^^^^^^^^^^^^^^^^^^^^^^^^^^^^^^^^^^^^^^^^^^^^^^^^^^^^^^^^^^^^^^^^
  File "C:\Users\Artem.Volynec\Desktop\bot_for_group\bot_adventure_time\venv\Lib\site-packages\aiogram\dispatcher\router.py", line 155, in _wrapped
    return await self._propagate_event(
           ^^^^^^^^^^^^^^^^^^^^^^^^^^^^
    ...<4 lines>...
    )
    ^
  File "C:\Users\Artem.Volynec\Desktop\bot_for_group\bot_adventure_time\venv\Lib\site-packages\aiogram\dispatcher\router.py", line 191, in _propagate_event
    response = await router.propagate_event(update_type=update_type, event=event, **kwargs)
               ^^^^^^^^^^^^^^^^^^^^^^^^^^^^^^^^^^^^^^^^^^^^^^^^^^^^^^^^^^^^^^^^^^^^^^^^^^^^
  File "C:\Users\Artem.Volynec\Desktop\bot_for_group\bot_adventure_time\venv\Lib\site-packages\aiogram\dispatcher\router.py", line 163, in propagate_event
    return await observer.wrap_outer_middleware(_wrapped, event=event, data=kwargs)
           ^^^^^^^^^^^^^^^^^^^^^^^^^^^^^^^^^^^^^^^^^^^^^^^^^^^^^^^^^^^^^^^^^^^^^^^^
  File "C:\Users\Artem.Volynec\Desktop\bot_for_group\bot_adventure_time\venv\Lib\site-packages\aiogram\dispatcher\router.py", line 155, in _wrapped
    return await self._propagate_event(
           ^^^^^^^^^^^^^^^^^^^^^^^^^^^^
    ...<4 lines>...
    )
    ^
  File "C:\Users\Artem.Volynec\Desktop\bot_for_group\bot_adventure_time\venv\Lib\site-packages\aiogram\dispatcher\router.py", line 183, in _propagate_event
    response = await observer.trigger(event, **kwargs)
               ^^^^^^^^^^^^^^^^^^^^^^^^^^^^^^^^^^^^^^^
  File "C:\Users\Artem.Volynec\Desktop\bot_for_group\bot_adventure_time\venv\Lib\site-packages\aiogram\dispatcher\event\telegram.py", line 126, in trigger
    return await wrapped_inner(event, kwargs)
           ^^^^^^^^^^^^^^^^^^^^^^^^^^^^^^^^^^
  File "C:\Users\Artem.Volynec\Desktop\bot_for_group\bot_adventure_time\venv\Lib\site-packages\aiogram\dispatcher\event\handler.py", line 71, in call
    return await wrapped()
           ^^^^^^^^^^^^^^^
  File "C:\Users\Artem.Volynec\Desktop\bot_for_group\bot_adventure_time\bot\handlers\subscriptions.py", line 53, in toggle_subscription
    await callback.answer("Подписки обновлены")
  File "C:\Users\Artem.Volynec\Desktop\bot_for_group\bot_adventure_time\venv\Lib\site-packages\aiogram\methods\base.py", line 82, in emit
    return await bot(self)
           ^^^^^^^^^^^^^^^
  File "C:\Users\Artem.Volynec\Desktop\bot_for_group\bot_adventure_time\venv\Lib\site-packages\aiogram\client\bot.py", line 493, in __call__
    return await self.session(self, method, timeout=request_timeout)
           ^^^^^^^^^^^^^^^^^^^^^^^^^^^^^^^^^^^^^^^^^^^^^^^^^^^^^^^^^
  File "C:\Users\Artem.Volynec\Desktop\bot_for_group\bot_adventure_time\venv\Lib\site-packages\aiogram\client\session\base.py", line 259, in __call__
    return cast(TelegramType, await middleware(bot, method))
                              ^^^^^^^^^^^^^^^^^^^^^^^^^^^^^
  File "C:\Users\Artem.Volynec\Desktop\bot_for_group\bot_adventure_time\venv\Lib\site-packages\aiogram\client\session\aiohttp.py", line 177, in make_request
    response = self.check_response(
        bot=bot,
    ...<2 lines>...
        content=raw_result,
    )
  File "C:\Users\Artem.Volynec\Desktop\bot_for_group\bot_adventure_time\venv\Lib\site-packages\aiogram\client\session\base.py", line 121, in check_response
    raise TelegramBadRequest(method=method, message=description)
aiogram.exceptions.TelegramBadRequest: Telegram server says - Bad Request: query is too old and response timeout expired or query ID is invalid
2026-04-09 18:08:07,019 - aiogram.event - INFO - Update id=326878801 is handled. Duration 215 ms by bot id=8663379193
2026-04-09 18:08:11,908 - aiogram.event - INFO - Update id=326878802 is handled. Duration 439 ms by bot id=8663379193
2026-04-09 18:08:18,059 - aiogram.event - INFO - Update id=326878803 is handled. Duration 270 ms by bot id=8663379193
2026-04-09 18:08:59,614 - aiogram.event - INFO - Update id=326878805 is handled. Duration 1334 ms by bot id=8663379193
2026-04-09 18:09:03,168 - aiogram.event - INFO - Update id=326878806 is handled. Duration 1035 ms by bot id=8663379193
2026-04-09 18:09:57,492 - aiogram.event - INFO - Update id=326878804 is not handled. Duration 60975 ms by bot id=8663379193
2026-04-09 18:09:57,493 - aiogram.event - ERROR - Cause exception while process update id=326878804 by bot id=8663379193
TelegramNetworkError: HTTP Client says - Request timeout error
Traceback (most recent call last):
  File "C:\Users\Artem.Volynec\Desktop\bot_for_group\bot_adventure_time\venv\Lib\site-packages\aiohttp\client_reqrep.py", line 539, in start
    message, payload = await protocol.read()  # type: ignore[union-attr]
                       ^^^^^^^^^^^^^^^^^^^^^
  File "C:\Users\Artem.Volynec\Desktop\bot_for_group\bot_adventure_time\venv\Lib\site-packages\aiohttp\streams.py", line 707, in read
    await self._waiter
asyncio.exceptions.CancelledError

The above exception was the direct cause of the following exception:

Traceback (most recent call last):
  File "C:\Users\Artem.Volynec\Desktop\bot_for_group\bot_adventure_time\venv\Lib\site-packages\aiogram\client\session\aiohttp.py", line 167, in make_request
    async with session.post(
               ~~~~~~~~~~~~^
        url,
        ^^^^
        data=form,
        ^^^^^^^^^^
        timeout=self.timeout if timeout is None else timeout,
        ^^^^^^^^^^^^^^^^^^^^^^^^^^^^^^^^^^^^^^^^^^^^^^^^^^^^^
    ) as resp:
    ^
  File "C:\Users\Artem.Volynec\Desktop\bot_for_group\bot_adventure_time\venv\Lib\site-packages\aiohttp\client.py", line 1521, in __aenter__
    self._resp: _RetType = await self._coro
                           ^^^^^^^^^^^^^^^^
  File "C:\Users\Artem.Volynec\Desktop\bot_for_group\bot_adventure_time\venv\Lib\site-packages\aiohttp\client.py", line 788, in _request
    resp = await handler(req)
           ^^^^^^^^^^^^^^^^^^
  File "C:\Users\Artem.Volynec\Desktop\bot_for_group\bot_adventure_time\venv\Lib\site-packages\aiohttp\client.py", line 766, in _connect_and_send_request
    await resp.start(conn)
  File "C:\Users\Artem.Volynec\Desktop\bot_for_group\bot_adventure_time\venv\Lib\site-packages\aiohttp\client_reqrep.py", line 534, in start
    with self._timer:
         ^^^^^^^^^^^
  File "C:\Users\Artem.Volynec\Desktop\bot_for_group\bot_adventure_time\venv\Lib\site-packages\aiohttp\helpers.py", line 713, in __exit__
    raise asyncio.TimeoutError from exc_val
TimeoutError

The above exception was the direct cause of the following exception:

Traceback (most recent call last):
  File "C:\Users\Artem.Volynec\Desktop\bot_for_group\bot_adventure_time\venv\Lib\site-packages\aiogram\dispatcher\dispatcher.py", line 320, in _process_update
    response = await self.feed_update(bot, update, **kwargs)
               ^^^^^^^^^^^^^^^^^^^^^^^^^^^^^^^^^^^^^^^^^^^^^
  File "C:\Users\Artem.Volynec\Desktop\bot_for_group\bot_adventure_time\venv\Lib\site-packages\aiogram\dispatcher\dispatcher.py", line 164, in feed_update
    response = await self.update.wrap_outer_middleware(
               ^^^^^^^^^^^^^^^^^^^^^^^^^^^^^^^^^^^^^^^^
    ...<7 lines>...
    )
    ^
  File "C:\Users\Artem.Volynec\Desktop\bot_for_group\bot_adventure_time\venv\Lib\site-packages\aiogram\dispatcher\middlewares\error.py", line 27, in __call__
    return await handler(event, data)
           ^^^^^^^^^^^^^^^^^^^^^^^^^^
  File "C:\Users\Artem.Volynec\Desktop\bot_for_group\bot_adventure_time\venv\Lib\site-packages\aiogram\dispatcher\middlewares\user_context.py", line 58, in __call__
    return await handler(event, data)
           ^^^^^^^^^^^^^^^^^^^^^^^^^^
  File "C:\Users\Artem.Volynec\Desktop\bot_for_group\bot_adventure_time\venv\Lib\site-packages\aiogram\fsm\middleware.py", line 43, in __call__
    return await handler(event, data)
           ^^^^^^^^^^^^^^^^^^^^^^^^^^
  File "C:\Users\Artem.Volynec\Desktop\bot_for_group\bot_adventure_time\venv\Lib\site-packages\aiogram\dispatcher\event\telegram.py", line 126, in trigger
    return await wrapped_inner(event, kwargs)
           ^^^^^^^^^^^^^^^^^^^^^^^^^^^^^^^^^^
  File "C:\Users\Artem.Volynec\Desktop\bot_for_group\bot_adventure_time\bot\middleware\topic_discoverer.py", line 41, in __call__
    return await handler(event, data)
           ^^^^^^^^^^^^^^^^^^^^^^^^^^
  File "C:\Users\Artem.Volynec\Desktop\bot_for_group\bot_adventure_time\venv\Lib\site-packages\aiogram\dispatcher\event\handler.py", line 71, in call
    return await wrapped()
           ^^^^^^^^^^^^^^^
  File "C:\Users\Artem.Volynec\Desktop\bot_for_group\bot_adventure_time\venv\Lib\site-packages\aiogram\dispatcher\dispatcher.py", line 283, in _listen_update
    return await self.propagate_event(update_type=update_type, event=event, **kwargs)
           ^^^^^^^^^^^^^^^^^^^^^^^^^^^^^^^^^^^^^^^^^^^^^^^^^^^^^^^^^^^^^^^^^^^^^^^^^^
  File "C:\Users\Artem.Volynec\Desktop\bot_for_group\bot_adventure_time\venv\Lib\site-packages\aiogram\dispatcher\router.py", line 163, in propagate_event
    return await observer.wrap_outer_middleware(_wrapped, event=event, data=kwargs)
           ^^^^^^^^^^^^^^^^^^^^^^^^^^^^^^^^^^^^^^^^^^^^^^^^^^^^^^^^^^^^^^^^^^^^^^^^
  File "C:\Users\Artem.Volynec\Desktop\bot_for_group\bot_adventure_time\venv\Lib\site-packages\aiogram\dispatcher\router.py", line 155, in _wrapped
    return await self._propagate_event(
           ^^^^^^^^^^^^^^^^^^^^^^^^^^^^
    ...<4 lines>...
    )
    ^
  File "C:\Users\Artem.Volynec\Desktop\bot_for_group\bot_adventure_time\venv\Lib\site-packages\aiogram\dispatcher\router.py", line 191, in _propagate_event
    response = await router.propagate_event(update_type=update_type, event=event, **kwargs)
               ^^^^^^^^^^^^^^^^^^^^^^^^^^^^^^^^^^^^^^^^^^^^^^^^^^^^^^^^^^^^^^^^^^^^^^^^^^^^
  File "C:\Users\Artem.Volynec\Desktop\bot_for_group\bot_adventure_time\venv\Lib\site-packages\aiogram\dispatcher\router.py", line 163, in propagate_event
    return await observer.wrap_outer_middleware(_wrapped, event=event, data=kwargs)
           ^^^^^^^^^^^^^^^^^^^^^^^^^^^^^^^^^^^^^^^^^^^^^^^^^^^^^^^^^^^^^^^^^^^^^^^^
  File "C:\Users\Artem.Volynec\Desktop\bot_for_group\bot_adventure_time\venv\Lib\site-packages\aiogram\dispatcher\router.py", line 155, in _wrapped
    return await self._propagate_event(
           ^^^^^^^^^^^^^^^^^^^^^^^^^^^^
    ...<4 lines>...
    )
    ^
  File "C:\Users\Artem.Volynec\Desktop\bot_for_group\bot_adventure_time\venv\Lib\site-packages\aiogram\dispatcher\router.py", line 183, in _propagate_event
    response = await observer.trigger(event, **kwargs)
               ^^^^^^^^^^^^^^^^^^^^^^^^^^^^^^^^^^^^^^^
  File "C:\Users\Artem.Volynec\Desktop\bot_for_group\bot_adventure_time\venv\Lib\site-packages\aiogram\dispatcher\event\telegram.py", line 126, in trigger
    return await wrapped_inner(event, kwargs)
           ^^^^^^^^^^^^^^^^^^^^^^^^^^^^^^^^^^
  File "C:\Users\Artem.Volynec\Desktop\bot_for_group\bot_adventure_time\venv\Lib\site-packages\aiogram\dispatcher\event\handler.py", line 71, in call
    return await wrapped()
           ^^^^^^^^^^^^^^^
  File "C:\Users\Artem.Volynec\Desktop\bot_for_group\bot_adventure_time\bot\handlers\common.py", line 46, in cmd_help
    await message.answer(help_text, parse_mode="HTML")
  File "C:\Users\Artem.Volynec\Desktop\bot_for_group\bot_adventure_time\venv\Lib\site-packages\aiogram\methods\base.py", line 82, in emit
    return await bot(self)
           ^^^^^^^^^^^^^^^
  File "C:\Users\Artem.Volynec\Desktop\bot_for_group\bot_adventure_time\venv\Lib\site-packages\aiogram\client\bot.py", line 493, in __call__
    return await self.session(self, method, timeout=request_timeout)
           ^^^^^^^^^^^^^^^^^^^^^^^^^^^^^^^^^^^^^^^^^^^^^^^^^^^^^^^^^
  File "C:\Users\Artem.Volynec\Desktop\bot_for_group\bot_adventure_time\venv\Lib\site-packages\aiogram\client\session\base.py", line 259, in __call__
    return cast(TelegramType, await middleware(bot, method))
                              ^^^^^^^^^^^^^^^^^^^^^^^^^^^^^
  File "C:\Users\Artem.Volynec\Desktop\bot_for_group\bot_adventure_time\venv\Lib\site-packages\aiogram\client\session\aiohttp.py", line 174, in make_request
    raise TelegramNetworkError(method=method, message="Request timeout error") from e
aiogram.exceptions.TelegramNetworkError: HTTP Client says - Request timeout error
2026-04-09 18:11:08,428 - aiogram.event - INFO - Update id=326878807 is handled. Duration 5508 ms by bot id=8663379193
2026-04-09 18:11:11,434 - aiogram.event - INFO - Update id=326878808 is handled. Duration 3355 ms by bot id=8663379193
2026-04-09 18:11:14,951 - aiogram.event - INFO - Update id=326878809 is handled. Duration 631 ms by bot id=8663379193
2026-04-09 18:11:18,048 - aiogram.event - INFO - Update id=326878810 is handled. Duration 374 ms by bot id=8663379193
2026-04-09 18:11:20,525 - aiogram.event - INFO - Update id=326878811 is handled. Duration 176 ms by bot id=8663379193
2026-04-09 18:11:22,321 - aiogram.event - INFO - Update id=326878812 is handled. Duration 384 ms by bot id=8663379193
2026-04-09 18:30:49,119 - aiogram.event - INFO - Update id=326878813 is handled. Duration 469 ms by bot id=8663379193
2026-04-09 18:31:35,808 - aiogram.dispatcher - INFO - Polling stopped
2026-04-09 18:31:35,810 - aiogram.dispatcher - ERROR - Failed to fetch updates - TelegramNetworkError: HTTP Client says - ServerDisconnectedError: Server disconnected
2026-04-09 18:31:35,810 - aiogram.dispatcher - WARNING - Sleep for 1.000000 seconds and try again... (tryings = 0, bot id = 8663379193)
2026-04-09 18:31:36,077 - aiogram.dispatcher - INFO - Polling stopped for bot @adventur_time_bot id=8663379193 - 'bot_adventure_time'
2026-04-09 18:31:36,083 - __main__ - INFO - Бот остановлен пользователем
